<?xml version="1.0" encoding="UTF-8"?>
<!-- Generated by org.testng.reporters.JUnitReportReporter -->
<testsuite hostname="ram" failures="0" tests="4" name="com.jdbc.DbTesting.automationEmployee.EmployeeDatabase" time="0.180" errors="0" timestamp="2024-09-23T17:35:01 IST" skipped="0">
  <testcase classname="com.jdbc.DbTesting.automationEmployee.EmployeeDatabase" name="test_DB_InsertData" time="0.100"/>
  <testcase classname="com.jdbc.DbTesting.automationEmployee.EmployeeDatabase" name="test_DB_UpdateData" time="0.033"/>
  <testcase classname="com.jdbc.DbTesting.automationEmployee.EmployeeDatabase" name="test_DB_DeleteData" time="0.032"/>
  <testcase classname="com.jdbc.DbTesting.automationEmployee.EmployeeDatabase" name="test_DB_SelectData" time="0.015"/>
</testsuite> <!-- com.jdbc.DbTesting.automationEmployee.EmployeeDatabase -->
